pb
pb
ra
sa
rra
rrb
pa
ra
rrb
ra
ra
pa
ra
ra
pb
pb
sb
pb
sa
ra
pa
rra
rrb
pa
ra
rrb
ra
pa
ra
ra
ra
pb
pb
sa
rrb
pa
ra
rrb
ra
ra
ra
pa
ra
pb
pb
sb
ra
sa
rra
rrb
pa
ra
rrb
pa
ra
ra
ra
ra
pb
pb
sb
rrb
pa
ra
rrb
ra
pa
ra
ra
ra
ra
ra
pb
pb
pb
pb
pb
rrb
ra
pa
ra
rrb
ra
pa
ra
rrb
pa
ra
rrb
ra
ra
pa
ra
rrb
ra
pa
ra
pb
pb
pb
pb
pb
rrb
ra
ra
pa
ra
rrb
ra
ra
pa
ra
rrb
pa
ra
rrb
ra
pa
ra
rrb
pa
ra
pb
pb
pb
pb
pb
rrb
ra
pa
ra
rrb
pa
ra
rrb
ra
pa
ra
rrb
pa
ra
rrb
pa
ra
pb
pb
pb
pb
pb
pb
pb
pb
pb
pb
rrb
ra
pa
ra
rrb
pa
ra
rrb
ra
pa
ra
rrb
pa
ra
rrb
ra
pa
ra
rrb
ra
ra
ra
pa
ra
rrb
ra
ra
pa
ra
rrb
ra
pa
ra
rrb
pa
ra
rrb
pa
ra
ra
ra
ra
ra
ra
ra
ra
ra
pb
pb
pb
pb
pb
pb
pb
pb
pb
pb
pb
pb
pb
pb
pb
pb
pb
pb
pb
pb
rrb
ra
pa
ra
rrb
pa
ra
rrb
ra
pa
ra
rrb
pa
ra
rrb
pa
ra
rrb
pa
ra
rrb
ra
pa
ra
rrb
pa
ra
rrb
pa
ra
rrb
pa
ra
rrb
ra
pa
ra
rrb
pa
ra
rrb
pa
ra
rrb
ra
pa
ra
rrb
pa
ra
rrb
pa
ra
rrb
pa
ra
rrb
pa
ra
rrb
pa
ra
rrb
pa
ra
ra
ra
1
---------------------------
-32	
44	
-16	
49	
-7	
28	
-37	
38	
47	
-19	
-13	
50	
33	
22	
42	
-25	
-48	
10	
36	
11	
34	
-36	
-15	
52	
54	
-51	
17	
---------------------------
2
---------------------------
-32	
44	
-16	
49	
-7	
28	
-37	
38	
47	
-19	
-13	
50	
33	
22	
42	
-25	
-48	
10	
36	
11	
34	
-36	
-15	
52	
54	
-51	
17	
---------------------------
---------------------------
-16	44
49	-32
-7	
28	
-37	
38	
47	
-19	
-13	
50	
33	
22	
42	
-25	
-48	
10	
36	
11	
34	
-36	
-15	
52	
54	
-51	
17	
---------------------------
---------------------------
38	28
47	-37
-19	
-13	
50	
33	
22	
42	
-25	
-48	
10	
36	
11	
34	
-36	
-15	
52	
54	
-51	
17	
-32	
-16	
-7	
44	
49	
---------------------------
---------------------------
33	50
22	-13
42	
-25	
-48	
10	
36	
11	
34	
-36	
-15	
52	
54	
-51	
17	
-32	
-16	
-7	
44	
49	
-37	
-19	
28	
38	
47	
---------------------------
---------------------------
10	-25
36	-48
11	
34	
-36	
-15	
52	
54	
-51	
17	
-32	
-16	
-7	
44	
49	
-37	
-19	
28	
38	
47	
-13	
22	
33	
42	
50	
---------------------------
---------------------------
-15	34
52	-36
54	
-51	
17	
-32	
-16	
-7	
44	
49	
-37	
-19	
28	
38	
47	
-13	
22	
33	
42	
50	
-48	
-25	
10	
11	
36	
---------------------------
3
---------------------------
-32	
-16	
-7	
44	
49	
-37	
-19	
28	
38	
47	
-13	
22	
33	
42	
50	
-48	
-25	
10	
11	
36	
-36	
-15	
34	
52	
54	
-51	
17	
---------------------------
3.5
---------------------------
-32	
-16	
-7	
44	
49	
-37	
-19	
28	
38	
47	
-13	
22	
33	
42	
50	
-48	
-25	
10	
11	
36	
-36	
-15	
34	
52	
54	
-51	
17	
---------------------------
n = 5, lenleft = 27
---------------------------
-37	49
-19	44
28	-7
38	-16
47	-32
-13	
22	
33	
42	
50	
-48	
-25	
10	
11	
36	
-36	
-15	
34	
52	
54	
-51	
17	
---------------------------
n = 5, lenleft = 17
---------------------------
-48	50
-25	42
10	33
11	22
36	-13
-36	
-15	
34	
52	
54	
-51	
17	
-37	
-32	
-19	
-16	
-7	
28	
38	
44	
47	
49	
---------------------------
n = 5, lenleft = 7
---------------------------
-51	54
17	52
-37	34
-32	-15
-19	-36
-16	
-7	
28	
38	
44	
47	
49	
-48	
-25	
-13	
10	
11	
22	
33	
36	
42	
50	
---------------------------
n = 10, lenleft = 27
---------------------------
-48	49
-25	47
-13	44
10	38
11	28
22	-7
33	-16
36	-19
42	-32
50	-37
-51	
-36	
-15	
17	
34	
52	
54	
---------------------------
n = 20, lenleft = 27
---------------------------
-51	50
-36	49
-15	47
17	44
34	42
52	38
54	36
	33
	28
	22
	11
	10
	-7
	-13
	-16
	-19
	-25
	-32
	-37
	-48
---------------------------
